[1008/123931:INFO:CONSOLE(0)] "Select shard: 0," source: http://launcher.playneverwinter.com/static/all/js/api.js(117)
[1008/143115:INFO:CONSOLE(0)] "Select shard: 0," source: http://launcher.playneverwinter.com/static/all/js/api.js(117)
[1008/173709:INFO:CONSOLE(0)] "Select shard: 0," source: http://launcher.playneverwinter.com/static/all/js/api.js(117)
[1012/170423:INFO:CONSOLE(0)] "Select shard: 0," source: http://launcher.playneverwinter.com/static/all/js/api.js(117)
[1012/210846:INFO:CONSOLE(0)] "Select shard: 0," source: http://launcher.playneverwinter.com/static/all/js/api.js(117)
[1013/161044:INFO:CONSOLE(0)] "Select shard: 0," source: http://launcher.playneverwinter.com/static/all/js/api.js(117)
[1014/205958:INFO:CONSOLE(0)] "Select shard: 0," source: http://launcher.playneverwinter.com/static/all/js/api.js(117)
[1014/210017:INFO:CONSOLE(0)] "Select shard: 0," source: http://launcher.playneverwinter.com/static/all/js/api.js(117)
[1015/180820:INFO:CONSOLE(0)] "Select shard: 0," source: http://launcher.playneverwinter.com/static/all/js/api.js(117)
[1017/191937:INFO:CONSOLE(0)] "Select shard: 0," source: http://launcher.playneverwinter.com/static/all/js/api.js(117)
[1018/133359:INFO:CONSOLE(0)] "Select shard: 0," source: http://launcher.playneverwinter.com/static/all/js/api.js(117)
[1019/105812:INFO:CONSOLE(0)] "Select shard: 0," source: http://launcher.playneverwinter.com/static/all/js/api.js(117)
[1020/165242:ERROR:cache_util_win.cc(43)] Unable to move the cache: 0
[1020/165242:ERROR:backend_impl.cc(134)] Unable to move cache folder C:\Users\taker\Desktop\cef_cache to C:\Users\taker\Desktop\old_cef_cache_000
[1020/165242:ERROR:backend_impl.cc(221)] Unable to create cache
[1020/165258:INFO:CONSOLE(0)] "Select shard: 0," source: http://launcher.playneverwinter.com/static/all/js/api.js(117)
[1020/175141:ERROR:cookie_monster.cc(1726)] Found 1 duplicate cookies for host='playneverwinter.com', with {name='__utma', domain='.launcher.playneverwinter.com', path='/'}
[1020/175141:ERROR:cookie_monster.cc(1726)] Found 1 duplicate cookies for host='playneverwinter.com', with {name='__utmz', domain='.launcher.playneverwinter.com', path='/'}
[1020/175141:ERROR:cache_util_win.cc(43)] Unable to move the cache: 0
[1020/175141:ERROR:backend_impl.cc(134)] Unable to move cache folder C:\Users\taker\Desktop\cef_cache to C:\Users\taker\Desktop\old_cef_cache_000
[1020/175141:ERROR:backend_impl.cc(221)] Unable to create cache
[1020/175159:INFO:CONSOLE(0)] "Select shard: 0," source: http://launcher.playneverwinter.com/static/all/js/api.js(117)
[1021/121048:INFO:CONSOLE(0)] "Select shard: 0," source: http://launcher.playneverwinter.com/static/all/js/api.js(117)
[1025/133657:INFO:CONSOLE(0)] "Select shard: 0," source: http://launcher.playneverwinter.com/static/all/js/api.js(117)
[1026/144510:INFO:CONSOLE(0)] "Select shard: 0," source: http://launcher.playneverwinter.com/static/all/js/api.js(117)
[1027/235159:INFO:CONSOLE(0)] "Select shard: 0," source: http://launcher.playneverwinter.com/static/all/js/api.js(117)
[1028/012002:INFO:CONSOLE(0)] "Select shard: 0," source: http://launcher.playneverwinter.com/static/all/js/api.js(117)
[1028/154730:INFO:CONSOLE(0)] "Select shard: 0," source: http://launcher.playneverwinter.com/static/all/js/api.js(117)
[1030/115034:INFO:CONSOLE(0)] "Select shard: 0," source: http://launcher.playneverwinter.com/static/all/js/api.js(117)
[1030/115324:INFO:CONSOLE(0)] "Select shard: 0," source: http://launcher.playneverwinter.com/static/all/js/api.js(117)
[1030/143049:INFO:CONSOLE(0)] "Select shard: 0," source: http://launcher.playneverwinter.com/static/all/js/api.js(117)
[1101/000236:INFO:CONSOLE(0)] "Select shard: 0," source: http://launcher.playneverwinter.com/static/all/js/api.js(117)
[1101/131956:INFO:CONSOLE(0)] "Select shard: 0," source: http://launcher.playneverwinter.com/static/all/js/api.js(117)
[1102/165715:INFO:CONSOLE(0)] "Select shard: 0," source: http://launcher.playneverwinter.com/static/all/js/api.js(117)
[1103/121921:INFO:CONSOLE(0)] "Select shard: 0," source: http://launcher.playneverwinter.com/static/all/js/api.js(117)
[1103/182444:INFO:CONSOLE(0)] "Select shard: 0," source: http://launcher.playneverwinter.com/static/all/js/api.js(117)
[1104/134040:INFO:CONSOLE(0)] "Select shard: 0," source: http://launcher.playneverwinter.com/static/all/js/api.js(117)
[1104/195338:INFO:CONSOLE(0)] "Select shard: 0," source: http://launcher.playneverwinter.com/static/all/js/api.js(117)
[1107/173738:INFO:CONSOLE(0)] "Select shard: 0," source: http://launcher.playneverwinter.com/static/all/js/api.js(117)
[1108/145740:INFO:CONSOLE(0)] "Select shard: 0," source: http://launcher.playneverwinter.com/static/all/js/api.js(117)
[1108/182325:INFO:CONSOLE(0)] "Select shard: 0," source: http://launcher.playneverwinter.com/static/all/js/api.js(117)
[1109/132110:INFO:CONSOLE(0)] "Select shard: 0," source: http://launcher.playneverwinter.com/static/all/js/api.js(117)
[1110/152929:INFO:CONSOLE(0)] "Select shard: 0," source: http://launcher.playneverwinter.com/static/all/js/api.js(117)
[1115/164507:INFO:CONSOLE(0)] "Select shard: 0," source: http://launcher.playneverwinter.com/static/all/js/api.js(117)
[1115/212606:INFO:CONSOLE(0)] "Select shard: 0," source: http://launcher.playneverwinter.com/static/all/js/api.js(117)
[1116/184522:INFO:CONSOLE(0)] "Select shard: 0," source: http://launcher.playneverwinter.com/static/all/js/api.js(117)
[1116/214755:INFO:CONSOLE(0)] "Select shard: 0," source: http://launcher.playneverwinter.com/static/all/js/api.js(117)
[1118/033056:INFO:CONSOLE(0)] "Select shard: 0," source: http://launcher.playneverwinter.com/static/all/js/api.js(117)
[1118/132531:INFO:CONSOLE(0)] "Select shard: 0," source: http://launcher.playneverwinter.com/static/all/js/api.js(117)
[1119/124012:INFO:CONSOLE(0)] "Select shard: 0," source: http://launcher.playneverwinter.com/static/all/js/api.js(117)
[1119/133221:INFO:CONSOLE(0)] "Select shard: 0," source: http://launcher.playneverwinter.com/static/all/js/api.js(117)
[1119/135609:INFO:CONSOLE(0)] "Select shard: 0," source: http://launcher.playneverwinter.com/static/all/js/api.js(117)
[1119/160105:INFO:CONSOLE(0)] "Select shard: 0," source: http://launcher.playneverwinter.com/static/all/js/api.js(117)
[1119/172440:INFO:CONSOLE(0)] "Select shard: 0," source: http://launcher.playneverwinter.com/static/all/js/api.js(117)
[1120/110037:INFO:CONSOLE(0)] "Select shard: 0," source: http://launcher.playneverwinter.com/static/all/js/api.js(117)
[1120/200343:INFO:CONSOLE(0)] "Select shard: 0," source: http://launcher.playneverwinter.com/static/all/js/api.js(117)
[1120/225941:INFO:CONSOLE(0)] "Select shard: 0," source: http://launcher.playneverwinter.com/static/all/js/api.js(117)
[1121/235304:INFO:CONSOLE(0)] "Select shard: 0," source: http://launcher.playneverwinter.com/static/all/js/api.js(117)
[1122/183403:INFO:CONSOLE(0)] "Select shard: 0," source: http://launcher.playneverwinter.com/static/all/js/api.js(117)
[1122/183539:INFO:CONSOLE(0)] "Select shard: 0," source: http://launcher.playneverwinter.com/static/all/js/api.js(117)
[1122/183838:INFO:CONSOLE(0)] "Select shard: 0," source: http://launcher.playneverwinter.com/static/all/js/api.js(117)
[1123/132152:INFO:CONSOLE(0)] "Select shard: 0," source: http://launcher.playneverwinter.com/static/all/js/api.js(117)
[1123/132234:INFO:CONSOLE(0)] "Select shard: 0," source: http://launcher.playneverwinter.com/static/all/js/api.js(117)
[1123/214549:INFO:CONSOLE(0)] "Select shard: 0," source: http://launcher.playneverwinter.com/static/all/js/api.js(117)
[1124/133040:INFO:CONSOLE(0)] "Select shard: 0," source: http://launcher.playneverwinter.com/static/all/js/api.js(117)
[1124/170635:INFO:CONSOLE(0)] "Select shard: 0," source: http://launcher.playneverwinter.com/static/all/js/api.js(117)
[1124/191748:INFO:CONSOLE(0)] "Select shard: 0," source: http://launcher.playneverwinter.com/static/all/js/api.js(117)
[1124/234742:INFO:CONSOLE(0)] "Select shard: 0," source: http://launcher.playneverwinter.com/static/all/js/api.js(117)
[1125/005915:INFO:CONSOLE(0)] "Select shard: 0," source: http://launcher.playneverwinter.com/static/all/js/api.js(117)
[1125/155815:INFO:CONSOLE(0)] "Select shard: 0," source: http://launcher.playneverwinter.com/static/all/js/api.js(117)
[1125/155829:INFO:CONSOLE(0)] "Select shard: 0," source: http://launcher.playneverwinter.com/static/all/js/api.js(117)
[1126/010228:INFO:CONSOLE(0)] "Select shard: 0," source: http://launcher.playneverwinter.com/static/all/js/api.js(117)
[1126/133644:INFO:CONSOLE(0)] "Select shard: 0," source: http://launcher.playneverwinter.com/static/all/js/api.js(117)
[1126/194820:INFO:CONSOLE(0)] "Select shard: 0," source: http://launcher.playneverwinter.com/static/all/js/api.js(117)
[1127/145608:INFO:CONSOLE(0)] "Select shard: 0," source: http://launcher.playneverwinter.com/static/all/js/api.js(117)
[1127/145705:INFO:CONSOLE(0)] "Select shard: 0," source: http://launcher.playneverwinter.com/static/all/js/api.js(117)
[1127/214646:INFO:CONSOLE(0)] "Select shard: 0," source: http://launcher.playneverwinter.com/static/all/js/api.js(117)
[1128/020709:ERROR:cache_util_win.cc(43)] Unable to move the cache: 0
[1128/020709:ERROR:backend_impl.cc(134)] Unable to move cache folder C:\Users\taker\Desktop\cef_cache to C:\Users\taker\Desktop\old_cef_cache_000
[1128/020709:ERROR:backend_impl.cc(221)] Unable to create cache
[1128/194623:INFO:CONSOLE(0)] "Select shard: 0," source: http://launcher.playneverwinter.com/static/all/js/api.js(117)
[1130/150203:INFO:CONSOLE(0)] "Select shard: 0," source: http://launcher.playneverwinter.com/static/all/js/api.js(117)
[1130/150410:INFO:CONSOLE(0)] "Select shard: 0," source: http://launcher.playneverwinter.com/static/all/js/api.js(117)
[1201/182333:INFO:CONSOLE(0)] "Select shard: 0," source: http://launcher.playneverwinter.com/static/all/js/api.js(117)
[1201/190742:INFO:CONSOLE(0)] "Select shard: 0," source: http://launcher.playneverwinter.com/static/all/js/api.js(117)
[1201/231820:INFO:CONSOLE(0)] "Select shard: 0," source: http://launcher.playneverwinter.com/static/all/js/api.js(117)
[1201/235332:ERROR:cache_util_win.cc(43)] Unable to move the cache: 0
[1201/235332:ERROR:backend_impl.cc(134)] Unable to move cache folder C:\Users\taker\Desktop\cef_cache to C:\Users\taker\Desktop\old_cef_cache_000
[1201/235332:ERROR:backend_impl.cc(221)] Unable to create cache
[1201/235342:INFO:CONSOLE(0)] "Select shard: 0," source: http://launcher.playneverwinter.com/static/all/js/api.js(117)
[1201/235911:ERROR:cookie_monster.cc(1726)] Found 1 duplicate cookies for host='playneverwinter.com', with {name='__utma', domain='.launcher.playneverwinter.com', path='/'}
[1201/235911:ERROR:cookie_monster.cc(1726)] Found 1 duplicate cookies for host='playneverwinter.com', with {name='__utmb', domain='.launcher.playneverwinter.com', path='/'}
[1201/235911:ERROR:cookie_monster.cc(1726)] Found 1 duplicate cookies for host='playneverwinter.com', with {name='__utmt', domain='.launcher.playneverwinter.com', path='/'}
[1201/235911:ERROR:cookie_monster.cc(1726)] Found 1 duplicate cookies for host='playneverwinter.com', with {name='__utmt_~1', domain='.launcher.playneverwinter.com', path='/'}
[1201/235911:ERROR:cookie_monster.cc(1726)] Found 1 duplicate cookies for host='playneverwinter.com', with {name='__utmz', domain='.launcher.playneverwinter.com', path='/'}
[1201/235918:INFO:CONSOLE(0)] "Select shard: 0," source: http://launcher.playneverwinter.com/static/all/js/api.js(117)
[1202/000724:INFO:CONSOLE(0)] "Select shard: 0," source: http://launcher.playneverwinter.com/static/all/js/api.js(117)
[1202/002718:INFO:CONSOLE(0)] "Select shard: 0," source: http://launcher.playneverwinter.com/static/all/js/api.js(117)
[1202/172719:INFO:CONSOLE(0)] "Select shard: 0," source: http://launcher.playneverwinter.com/static/all/js/api.js(117)
[1202/174249:INFO:CONSOLE(0)] "Select shard: 0," source: http://launcher.playneverwinter.com/static/all/js/api.js(117)
[1203/014016:INFO:CONSOLE(0)] "Select shard: 0," source: http://launcher.playneverwinter.com/static/all/js/api.js(117)
[1203/130526:INFO:CONSOLE(0)] "Select shard: 0," source: http://launcher.playneverwinter.com/static/all/js/api.js(117)
[1203/190041:INFO:CONSOLE(0)] "Select shard: 0," source: http://launcher.playneverwinter.com/static/all/js/api.js(117)
[1204/142414:INFO:CONSOLE(0)] "Select shard: 0," source: http://launcher.playneverwinter.com/static/all/js/api.js(117)
[1204/194734:INFO:CONSOLE(0)] "Select shard: 0," source: http://launcher.playneverwinter.com/static/all/js/api.js(117)
[1204/224759:INFO:CONSOLE(0)] "Select shard: 0," source: http://launcher.playneverwinter.com/static/all/js/api.js(117)
[1205/220819:INFO:CONSOLE(0)] "Select shard: 0," source: http://launcher.playneverwinter.com/static/all/js/api.js(117)
[1205/221646:INFO:CONSOLE(0)] "Select shard: 0," source: http://launcher.playneverwinter.com/static/all/js/api.js(117)
[1205/225528:INFO:CONSOLE(0)] "Select shard: 0," source: http://launcher.playneverwinter.com/static/all/js/api.js(117)
[1207/231434:INFO:CONSOLE(0)] "Select shard: 0," source: http://launcher.playneverwinter.com/static/all/js/api.js(117)
[1214/001604:INFO:CONSOLE(0)] "Select shard: 0," source: http://launcher.playneverwinter.com/static/all/js/api.js(117)
